2023-08-01 11:27:32,738 [Worker-4: Loading available Gradle versions] INFO  o.e.b.c.i.u.g.PublishedGradleVersions - Gradle version information cache is out-of-date. Trying to update.
2023-08-01 11:28:05,133 [Worker-8: Importing Maven projects] INFO  o.e.m.c.i.l.LifecycleMappingFactory - Using org.eclipse.m2e.jdt.JarLifecycleMapping lifecycle mapping for MavenProject: com.uce.edu.pavanzada:pa2_u3_p4_ac_da:1.0.0-SNAPSHOT @ C:\Users\USUARIO\Documents\workspaceu3\pa2_u3_p4_ac_da\pom.xml.
2023-08-01 11:28:09,011 [Worker-8: Importing Maven projects] INFO  o.e.m.j.i.AbstractJavaProjectConfigurator - Adding source folder /pa2_u3_p4_ac_da/src/main/java
2023-08-01 11:28:09,013 [Worker-8: Importing Maven projects] INFO  o.e.m.j.i.AbstractJavaProjectConfigurator - Adding resource folder /pa2_u3_p4_ac_da/src/main/resources
2023-08-01 11:28:09,031 [Worker-8: Importing Maven projects] INFO  o.e.m.j.i.AbstractJavaProjectConfigurator - Adding resource folder /pa2_u3_p4_ac_da/src/main/resources
2023-08-01 11:28:09,051 [Worker-8: Importing Maven projects] INFO  o.e.m.j.i.AbstractJavaProjectConfigurator - Adding source folder /pa2_u3_p4_ac_da/src/test/java
2023-08-01 11:28:13,466 [Worker-8: Importing Maven projects] INFO  o.e.m.c.i.p.ProjectConfigurationManager - Imported and configured 1 project(s) in 12 sec
2023-08-01 11:28:15,044 [Worker-10: Building] INFO  o.a.m.s.f.DefaultMavenResourcesFiltering - Copying 1 resource from src\main\resources to target\classes
2023-08-01 11:28:15,080 [Worker-10: Building] INFO  o.a.m.s.f.DefaultMavenResourcesFiltering - Copying 0 resource from src\main\resources to target\classes
2023-08-01 11:28:15,088 [Worker-10: Building] INFO  o.a.m.s.f.DefaultMavenResourcesFiltering - skip non existing resourceDirectory C:\Users\USUARIO\Documents\workspaceu3\pa2_u3_p4_ac_da\src\test\resources
2023-08-01 12:01:04,645 [Worker-19: Building] INFO  o.a.m.s.f.DefaultMavenResourcesFiltering - Copying 1 resource from src\main\resources to target\classes
2023-08-01 12:01:04,666 [Worker-19: Building] INFO  o.a.m.s.f.DefaultMavenResourcesFiltering - Copying 0 resource from src\main\resources to target\classes
2023-08-01 12:01:04,671 [Worker-19: Building] INFO  o.a.m.s.f.DefaultMavenResourcesFiltering - skip non existing resourceDirectory C:\Users\USUARIO\Documents\workspaceu3\pa2_u3_p4_ac_da\src\test\resources
2023-08-01 12:07:08,313 [Worker-18: Building] INFO  o.a.m.s.f.DefaultMavenResourcesFiltering - Copying 1 resource from src\main\resources to target\classes
2023-08-01 12:07:08,324 [Worker-18: Building] INFO  o.a.m.s.f.DefaultMavenResourcesFiltering - Copying 0 resource from src\main\resources to target\classes
2023-08-01 12:07:08,328 [Worker-18: Building] INFO  o.a.m.s.f.DefaultMavenResourcesFiltering - skip non existing resourceDirectory C:\Users\USUARIO\Documents\workspaceu3\pa2_u3_p4_ac_da\src\test\resources
2023-08-01 12:14:34,268 [Worker-13: Building] INFO  o.a.m.s.f.DefaultMavenResourcesFiltering - Copying 1 resource from src\main\resources to target\classes
2023-08-01 12:14:34,280 [Worker-13: Building] INFO  o.a.m.s.f.DefaultMavenResourcesFiltering - Copying 0 resource from src\main\resources to target\classes
2023-08-01 12:14:34,286 [Worker-13: Building] INFO  o.a.m.s.f.DefaultMavenResourcesFiltering - skip non existing resourceDirectory C:\Users\USUARIO\Documents\workspaceu3\pa2_u3_p4_ac_da\src\test\resources
2023-08-01 12:24:40,847 [Worker-30: Building] INFO  o.a.m.s.f.DefaultMavenResourcesFiltering - Copying 1 resource from src\main\resources to target\classes
2023-08-01 12:24:40,858 [Worker-30: Building] INFO  o.a.m.s.f.DefaultMavenResourcesFiltering - Copying 0 resource from src\main\resources to target\classes
2023-08-01 12:24:40,863 [Worker-30: Building] INFO  o.a.m.s.f.DefaultMavenResourcesFiltering - skip non existing resourceDirectory C:\Users\USUARIO\Documents\workspaceu3\pa2_u3_p4_ac_da\src\test\resources
2023-08-01 12:27:06,049 [Start Help Server] INFO  org.eclipse.jetty.server.Server - jetty-10.0.13; built: 2022-12-07T20:13:20.134Z; git: 1c2636ea05c0ca8de1ffd6ca7f3a98ac084c766d; jvm 17.0.7+7
2023-08-01 12:27:06,073 [Start Help Server] INFO  o.e.j.s.s.DefaultSessionIdManager - Session workerName=node0
2023-08-01 12:27:06,103 [Start Help Server] INFO  o.e.j.server.handler.ContextHandler - Started o.e.j.s.ServletContextHandler@2bb3580b{/help,null,AVAILABLE}
2023-08-01 12:27:06,134 [Start Help Server] INFO  o.e.jetty.server.AbstractConnector - Started ServerConnector@169c6c3f{HTTP/1.1, (http/1.1)}{127.0.0.1:51673}
2023-08-01 12:27:06,137 [Start Help Server] INFO  org.eclipse.jetty.server.Server - Started Server@265af356{STARTING}[10.0.13,sto=0] @3840907ms
